Using pre-set license
Built from '2020.3/staging' branch; Version is '2020.3.32f1 (12f8b0834f07) revision 1243312'; Using compiler version '192528614'; Build Type 'Release'
OS: 'Windows 11  (10.0.22000) 64bit Professional' Language: 'ko' Physical Memory: 65484 MB
BatchMode: 1, IsHumanControllingUs: 0, StartBugReporterOnCrash: 0, Is64bit: 1, IsPro: 0

COMMAND LINE ARGUMENTS:
C:\Program Files\Unity\Hub\Editor\2020.3.32f1\Editor\Unity.exe
-adb2
-batchMode
-noUpm
-name
AssetImportWorker0
-projectPath
C:/Users/ckrgk/OneDrive/바탕 화면/WEAPON
-logFile
Logs/AssetImportWorker0.log
-srvPort
62744
Successfully changed project path to: C:/Users/ckrgk/OneDrive/바탕 화면/WEAPON
C:/Users/ckrgk/OneDrive/바탕 화면/WEAPON
Using Asset Import Pipeline V2.
Refreshing native plugins compatible for Editor in 49.19 ms, found 3 plugins.
Preloading 0 native plugins for Editor in 0.00 ms.
Initialize engine version: 2020.3.32f1 (12f8b0834f07)
[Subsystems] Discovering subsystems at path C:/Program Files/Unity/Hub/Editor/2020.3.32f1/Editor/Data/Resources/UnitySubsystems
[Subsystems] Discovering subsystems at path C:/Users/ckrgk/OneDrive/바탕 화면/WEAPON/Assets
GfxDevice: creating device client; threaded=0
Direct3D:
    Version:  Direct3D 11.0 [level 11.1]
    Renderer: NVIDIA GeForce RTX 2070 SUPER (ID=0x1e84)
    Vendor:   
    VRAM:     8012 MB
    Driver:   30.0.15.1215
Initialize mono
Mono path[0] = 'C:/Program Files/Unity/Hub/Editor/2020.3.32f1/Editor/Data/Managed'
Mono path[1] = 'C:/Program Files/Unity/Hub/Editor/2020.3.32f1/Editor/Data/MonoBleedingEdge/lib/mono/unityjit'
Mono config path = 'C:/Program Files/Unity/Hub/Editor/2020.3.32f1/Editor/Data/MonoBleedingEdge/etc'
Using monoOptions --debugger-agent=transport=dt_socket,embedding=1,server=y,suspend=n,address=127.0.0.1:56648
Begin MonoManager ReloadAssembly
Registering precompiled unity dll's ...
Register platform support module: C:/Program Files/Unity/Hub/Editor/2020.3.32f1/Editor/Data/PlaybackEngines/WebGLSupport/UnityEditor.WebGL.Extensions.dll
Register platform support module: C:/Program Files/Unity/Hub/Editor/2020.3.32f1/Editor/Data/PlaybackEngines/WindowsStandaloneSupport/UnityEditor.WindowsStandalone.Extensions.dll
Registered in 0.001450 seconds.
Native extension for WindowsStandalone target not found
Native extension for WebGL target not found
Refreshing native plugins compatible for Editor in 49.77 ms, found 3 plugins.
Preloading 0 native plugins for Editor in 0.00 ms.
Mono: successfully reloaded assembly
- Completed reload, in  0.477 seconds
Domain Reload Profiling:
	ReloadAssembly (477ms)
		BeginReloadAssembly (46ms)
			ExecutionOrderSort (0ms)
			DisableScriptedObjects (0ms)
			BackupInstance (0ms)
			ReleaseScriptingObjects (0ms)
			CreateAndSetChildDomain (1ms)
		EndReloadAssembly (373ms)
			LoadAssemblies (45ms)
			RebuildTransferFunctionScriptingTraits (0ms)
			SetupTypeCache (120ms)
			ReleaseScriptCaches (0ms)
			RebuildScriptCaches (24ms)
			SetupLoadedEditorAssemblies (149ms)
				LogAssemblyErrors (0ms)
				InitializePlatformSupportModulesInManaged (4ms)
				SetLoadedEditorAssemblies (0ms)
				RefreshPlugins (50ms)
				BeforeProcessingInitializeOnLoad (13ms)
				ProcessInitializeOnLoadAttributes (60ms)
				ProcessInitializeOnLoadMethodAttributes (21ms)
				AfterProcessingInitializeOnLoad (0ms)
				EditorAssembliesLoaded (0ms)
			ExecutionOrderSort2 (0ms)
			AwakeInstancesAfterBackupRestoration (0ms)
Platform modules already initialized, skipping
Registering precompiled user dll's ...
Registered in 0.002237 seconds.
Begin MonoManager ReloadAssembly
Native extension for WindowsStandalone target not found
Native extension for WebGL target not found
Refreshing native plugins compatible for Editor in 48.53 ms, found 3 plugins.
Preloading 0 native plugins for Editor in 0.00 ms.
Mono: successfully reloaded assembly
- Completed reload, in  0.882 seconds
Domain Reload Profiling:
	ReloadAssembly (883ms)
		BeginReloadAssembly (119ms)
			ExecutionOrderSort (0ms)
			DisableScriptedObjects (4ms)
			BackupInstance (0ms)
			ReleaseScriptingObjects (0ms)
			CreateAndSetChildDomain (16ms)
		EndReloadAssembly (714ms)
			LoadAssemblies (73ms)
			RebuildTransferFunctionScriptingTraits (0ms)
			SetupTypeCache (228ms)
			ReleaseScriptCaches (1ms)
			RebuildScriptCaches (39ms)
			SetupLoadedEditorAssemblies (281ms)
				LogAssemblyErrors (0ms)
				InitializePlatformSupportModulesInManaged (3ms)
				SetLoadedEditorAssemblies (0ms)
				RefreshPlugins (49ms)
				BeforeProcessingInitializeOnLoad (64ms)
				ProcessInitializeOnLoadAttributes (149ms)
				ProcessInitializeOnLoadMethodAttributes (12ms)
				AfterProcessingInitializeOnLoad (4ms)
				EditorAssembliesLoaded (0ms)
			ExecutionOrderSort2 (0ms)
			AwakeInstancesAfterBackupRestoration (5ms)
Platform modules already initialized, skipping
========================================================================
Worker process is ready to serve import requests
Launched and connected shader compiler UnityShaderCompiler.exe after 0.04 seconds
Refreshing native plugins compatible for Editor in 0.62 ms, found 3 plugins.
Preloading 0 native plugins for Editor in 0.00 ms.
Unloading 2210 Unused Serialized files (Serialized files now loaded: 0)
System memory in use before: 119.9 MB.
System memory in use after: 119.8 MB.

Unloading 31 unused Assets to reduce memory usage. Loaded Objects now: 2664.
Total: 3.108900 ms (FindLiveObjects: 0.200800 ms CreateObjectMapping: 0.059500 ms MarkObjects: 2.706300 ms  DeleteObjects: 0.141200 ms)

AssetImportParameters requested are different than current active one (requested -> active):
  custom:framework-win-MediaFoundation: 216162199b28c13a410421893ffa2e32 -> 
  custom:video-decoder-ogg-theora: a1e56fd34408186e4bbccfd4996cb3dc -> 
  custom:container-muxer-webm: aa71ff27fc2769a1b78a27578f13a17b -> 
  custom:container-demuxer-webm: 4f35f7cbe854078d1ac9338744f61a02 -> 
  custom:container-demuxer-ogg: 62fdf1f143b41e24485cea50d1cbac27 -> 
  custom:video-encoder-webm-vp8: eb34c28f22e8b96e1ab97ce403110664 -> 
  custom:video-decoder-webm-vp8: 9c59270c3fd7afecdb556c50c9e8de78 -> 
  custom:audio-decoder-ogg-vorbis: bf7c407c2cedff20999df2af8eb42d56 -> 
  custom:audio-encoder-webm-vorbis: bf7c407c2cedff20999df2af8eb42d56 -> 
========================================================================
Received Import Request.
  path: Assets/Script/POINT.cs
  artifactKey: Guid(26fb28ed62a04484bb8cbe14e1f52ab7) Importer(815301076,1909f56bfc062723c751e8b465ee728b)
Start importing Assets/Script/POINT.cs using Guid(26fb28ed62a04484bb8cbe14e1f52ab7) Importer(815301076,1909f56bfc062723c751e8b465ee728b)  -> (artifact id: '56265f154f76314d17b17b6d767dc71c') in 0.020029 seconds 
========================================================================
Received Import Request.
  Time since last request: 342.150505 seconds.
  path: Assets/Resource/Model-B.renderTexture
  artifactKey: Guid(db401dd980b7f7744ac3aa7d79ce0591) Importer(815301076,1909f56bfc062723c751e8b465ee728b)
Start importing Assets/Resource/Model-B.renderTexture using Guid(db401dd980b7f7744ac3aa7d79ce0591) Importer(815301076,1909f56bfc062723c751e8b465ee728b)  -> (artifact id: 'af4bfb179b7567851367601c1f648bc3') in 0.052722 seconds 
========================================================================
Received Import Request.
  Time since last request: 4.176377 seconds.
  path: Assets/Resource/Model-A.renderTexture
  artifactKey: Guid(89057f8f9c1ec6f47ada18b8181d23a3) Importer(815301076,1909f56bfc062723c751e8b465ee728b)
Start importing Assets/Resource/Model-A.renderTexture using Guid(89057f8f9c1ec6f47ada18b8181d23a3) Importer(815301076,1909f56bfc062723c751e8b465ee728b)  -> (artifact id: '58b4a840ac8b4f56984deda33f837929') in 0.012257 seconds 
========================================================================
Received Import Request.
  Time since last request: 22.714046 seconds.
  path: Assets/Resource/New Render Texture.renderTexture
  artifactKey: Guid(a2240e8a6eff2714b80ad0794dc79f65) Importer(815301076,1909f56bfc062723c751e8b465ee728b)
Start importing Assets/Resource/New Render Texture.renderTexture using Guid(a2240e8a6eff2714b80ad0794dc79f65) Importer(815301076,1909f56bfc062723c751e8b465ee728b)  -> (artifact id: '746f6b301464086223ff8b33d8d3db1a') in 0.012005 seconds 
========================================================================
Received Import Request.
  Time since last request: 2.547946 seconds.
  path: Assets/Resource/New Render Texture 1.renderTexture
  artifactKey: Guid(cf7eb5236ff45f543a79982ef587d631) Importer(815301076,1909f56bfc062723c751e8b465ee728b)
Start importing Assets/Resource/New Render Texture 1.renderTexture using Guid(cf7eb5236ff45f543a79982ef587d631) Importer(815301076,1909f56bfc062723c751e8b465ee728b)  -> (artifact id: 'a7adda665cc97571d5a329bdfdc1c401') in 0.010177 seconds 
========================================================================
Received Import Request.
  Time since last request: 3.641677 seconds.
  path: Assets/Resource/New Render Texture 2.renderTexture
  artifactKey: Guid(658b591eafb7a4746bd0200aef6ab400) Importer(815301076,1909f56bfc062723c751e8b465ee728b)
Start importing Assets/Resource/New Render Texture 2.renderTexture using Guid(658b591eafb7a4746bd0200aef6ab400) Importer(815301076,1909f56bfc062723c751e8b465ee728b)  -> (artifact id: '944fc6da728b917cad94f92971293bc1') in 0.008925 seconds 
========================================================================
Received Import Request.
  Time since last request: 2.530247 seconds.
  path: Assets/Resource/New Render Texture 3.renderTexture
  artifactKey: Guid(911033b5c1369b5488cbcf0239d42c78) Importer(815301076,1909f56bfc062723c751e8b465ee728b)
Start importing Assets/Resource/New Render Texture 3.renderTexture using Guid(911033b5c1369b5488cbcf0239d42c78) Importer(815301076,1909f56bfc062723c751e8b465ee728b)  -> (artifact id: '7ce831f1416551fa2d7cac99a0f86083') in 0.008889 seconds 
========================================================================
Received Import Request.
  Time since last request: 8.014634 seconds.
  path: Assets/Resource/Model-C.renderTexture
  artifactKey: Guid(cf7eb5236ff45f543a79982ef587d631) Importer(815301076,1909f56bfc062723c751e8b465ee728b)
Start importing Assets/Resource/Model-C.renderTexture using Guid(cf7eb5236ff45f543a79982ef587d631) Importer(815301076,1909f56bfc062723c751e8b465ee728b)  -> (artifact id: 'fe2b336b3660bf448ea9d3ad77221398') in 0.009531 seconds 
========================================================================
Received Import Request.
  Time since last request: 2.257956 seconds.
  path: Assets/Resource/Model-D.renderTexture
  artifactKey: Guid(658b591eafb7a4746bd0200aef6ab400) Importer(815301076,1909f56bfc062723c751e8b465ee728b)
Start importing Assets/Resource/Model-D.renderTexture using Guid(658b591eafb7a4746bd0200aef6ab400) Importer(815301076,1909f56bfc062723c751e8b465ee728b)  -> (artifact id: '936351236b06af73d9799e573185d825') in 0.009454 seconds 
========================================================================
Received Import Request.
  Time since last request: 2.949169 seconds.
  path: Assets/Resource/Model-E.renderTexture
  artifactKey: Guid(911033b5c1369b5488cbcf0239d42c78) Importer(815301076,1909f56bfc062723c751e8b465ee728b)
Start importing Assets/Resource/Model-E.renderTexture using Guid(911033b5c1369b5488cbcf0239d42c78) Importer(815301076,1909f56bfc062723c751e8b465ee728b)  -> (artifact id: 'e932be8031387499001cfa639c65de8f') in 0.009405 seconds 
========================================================================
Received Import Request.
  Time since last request: 2.416715 seconds.
  path: Assets/Resource/Model-F.renderTexture
  artifactKey: Guid(a2240e8a6eff2714b80ad0794dc79f65) Importer(815301076,1909f56bfc062723c751e8b465ee728b)
Start importing Assets/Resource/Model-F.renderTexture using Guid(a2240e8a6eff2714b80ad0794dc79f65) Importer(815301076,1909f56bfc062723c751e8b465ee728b)  -> (artifact id: '8696946fcda11d672d8bec8319f127a0') in 0.013841 seconds 
========================================================================
Received Prepare
Registering precompiled user dll's ...
Registered in 0.002434 seconds.
Begin MonoManager ReloadAssembly
Native extension for WindowsStandalone target not found
Native extension for WebGL target not found
Refreshing native plugins compatible for Editor in 0.64 ms, found 3 plugins.
Preloading 0 native plugins for Editor in 0.00 ms.
Mono: successfully reloaded assembly
- Completed reload, in  0.787 seconds
Domain Reload Profiling:
	ReloadAssembly (788ms)
		BeginReloadAssembly (98ms)
			ExecutionOrderSort (0ms)
			DisableScriptedObjects (5ms)
			BackupInstance (0ms)
			ReleaseScriptingObjects (0ms)
			CreateAndSetChildDomain (32ms)
		EndReloadAssembly (640ms)
			LoadAssemblies (74ms)
			RebuildTransferFunctionScriptingTraits (0ms)
			SetupTypeCache (224ms)
			ReleaseScriptCaches (1ms)
			RebuildScriptCaches (34ms)
			SetupLoadedEditorAssemblies (228ms)
				LogAssemblyErrors (0ms)
				InitializePlatformSupportModulesInManaged (4ms)
				SetLoadedEditorAssemblies (0ms)
				RefreshPlugins (1ms)
				BeforeProcessingInitializeOnLoad (65ms)
				ProcessInitializeOnLoadAttributes (146ms)
				ProcessInitializeOnLoadMethodAttributes (8ms)
				AfterProcessingInitializeOnLoad (4ms)
				EditorAssembliesLoaded (0ms)
			ExecutionOrderSort2 (0ms)
			AwakeInstancesAfterBackupRestoration (7ms)
Platform modules already initialized, skipping
Switching build target platform(19) subTarget(0) extendedPlatform(0) -> platform(13) subTarget(537395200) extendedPlatform(0)
Refreshing native plugins compatible for Editor in 0.63 ms, found 3 plugins.
Preloading 0 native plugins for Editor in 0.00 ms.
Unloading 2208 Unused Serialized files (Serialized files now loaded: 0)
System memory in use before: 122.8 MB.
System memory in use after: 122.7 MB.

Unloading 20 unused Assets to reduce memory usage. Loaded Objects now: 2672.
Total: 2.864000 ms (FindLiveObjects: 0.181300 ms CreateObjectMapping: 0.049600 ms MarkObjects: 2.510200 ms  DeleteObjects: 0.122200 ms)

AssetImportParameters requested are different than current active one (requested -> active):
  custom:framework-win-MediaFoundation: 216162199b28c13a410421893ffa2e32 -> 
  custom:video-decoder-ogg-theora: a1e56fd34408186e4bbccfd4996cb3dc -> 
  custom:container-muxer-webm: aa71ff27fc2769a1b78a27578f13a17b -> 
  custom:container-demuxer-webm: 4f35f7cbe854078d1ac9338744f61a02 -> 
  custom:container-demuxer-ogg: 62fdf1f143b41e24485cea50d1cbac27 -> 
  custom:video-encoder-webm-vp8: eb34c28f22e8b96e1ab97ce403110664 -> 
  custom:video-decoder-webm-vp8: 9c59270c3fd7afecdb556c50c9e8de78 -> 
  custom:graphics/normal-map-encoding: 01000000000000000000000000000000 -> 02000000000000000000000000000000
  custom:audio-decoder-ogg-vorbis: bf7c407c2cedff20999df2af8eb42d56 -> 
  custom:audio-encoder-webm-vorbis: bf7c407c2cedff20999df2af8eb42d56 -> 
========================================================================
Received Import Request.
  Time since last request: 620.405214 seconds.
  path: Assets/Script/weekcheck.cs
  artifactKey: Guid(08a41bf5edacce446a381a4c4fe54e35) Importer(815301076,1909f56bfc062723c751e8b465ee728b)
Start importing Assets/Script/weekcheck.cs using Guid(08a41bf5edacce446a381a4c4fe54e35) Importer(815301076,1909f56bfc062723c751e8b465ee728b)  -> (artifact id: 'c13dcae19d946546b74dbd338b4225ff') in 0.007408 seconds 
========================================================================
Received Import Request.
  Time since last request: 4.289184 seconds.
  path: Assets/Script/DataManager.cs
  artifactKey: Guid(d191ae58d6b11f648b277b86ca61b242) Importer(815301076,1909f56bfc062723c751e8b465ee728b)
Start importing Assets/Script/DataManager.cs using Guid(d191ae58d6b11f648b277b86ca61b242) Importer(815301076,1909f56bfc062723c751e8b465ee728b)  -> (artifact id: '9356239f2873c4360fc046be3cf19e59') in 0.004961 seconds 
========================================================================
Received Import Request.
  Time since last request: 0.677338 seconds.
  path: Assets/Script/PanelManager.cs
  artifactKey: Guid(49d20f542464f404b9dedb29451a83a7) Importer(815301076,1909f56bfc062723c751e8b465ee728b)
Start importing Assets/Script/PanelManager.cs using Guid(49d20f542464f404b9dedb29451a83a7) Importer(815301076,1909f56bfc062723c751e8b465ee728b)  -> (artifact id: '8178dbbf584605b5d9f89edaeb70c54d') in 0.004873 seconds 
AssetImportWorkerClient::OnTransportError - code=2 error=End of file
